<?xml version="1.0" encoding="UTF-8"?>
<testsuite xmlns:xsi="http://www.w3.org/2001/XMLSchema-instance" xsi:noNamespaceSchemaLocation="https://maven.apache.org/surefire/maven-surefire-plugin/xsd/surefire-test-report.xsd" version="3.0.2" name="com.ebac.modulo40.controller.UsuarioControllerTest" time="0.302" tests="7" errors="0" skipped="0" failures="0" flakes="0">
  <properties>
[...]
</properties>
  <testcase name="obtenerUsuatiosCuandoNoExisten" classname="com.ebac.modulo40.controller.UsuarioControllerTest" time="0.155">
    <system-out><![CDATA[15-08-2026 10:48:33,360-06:00 [main] INFO  c.e.m.controller.UsuarioController - Se ejecutó el proceso de regresar todos los usuarios
]]></system-out>
  </testcase>
  <testcase name="actualizarUsuario" classname="com.ebac.modulo40.controller.UsuarioControllerTest" time="0.02">
    <system-out><![CDATA[15-08-2026 10:48:33,390-06:00 [main] INFO  c.e.m.controller.UsuarioController - El usuario 5 fue actualizado
]]></system-out>
  </testcase>
  <testcase name="eliminarUsuario" classname="com.ebac.modulo40.controller.UsuarioControllerTest" time="0.025">
    <system-out><![CDATA[15-08-2026 10:48:33,416-06:00 [main] INFO  c.e.m.controller.UsuarioController - Proceso de eliminación ejecutado
]]></system-out>
  </testcase>
  <testcase name="obtenerUsuarioPorId" classname="com.ebac.modulo40.controller.UsuarioControllerTest" time="0.025">
    <system-out><![CDATA[Id recibido: 1
15-08-2026 10:48:33,447-06:00 [main] ERROR c.e.m.controller.UsuarioController - El usuario con id: 1 no fue encontrado
]]></system-out>
  </testcase>
  <testcase name="obtenerUsuarios" classname="com.ebac.modulo40.controller.UsuarioControllerTest" time="0.011">
    <system-out><![CDATA[15-08-2026 10:48:33,461-06:00 [main] INFO  c.e.m.controller.UsuarioController - Se ejecutó el proceso de regresar todos los usuarios
]]></system-out>
  </testcase>
  <testcase name="obtenerUsuarioPorIdCuandoNoExiste" classname="com.ebac.modulo40.controller.UsuarioControllerTest" time="0.014">
    <system-out><![CDATA[Id recibido: 1
15-08-2026 10:48:33,477-06:00 [main] INFO  c.e.m.controller.UsuarioController - El usuario con id: 1 fue encontrado
]]></system-out>
  </testcase>
  <testcase name="crearUsuario" classname="com.ebac.modulo40.controller.UsuarioControllerTest" time="0.027">
    <system-out><![CDATA[Usuario recibido: Usuario(id_usuario=1, nombre=Nombre 1, edad=16)
15-08-2026 10:48:33,507-06:00 [main] INFO  c.e.m.controller.UsuarioController - El usuario fue creado con id: 1 fue creado
]]></system-out>
  </testcase>
</testsuite>