<?xml version="1.0" encoding="UTF-8"?>
<testsuite xmlns:xsi="http://www.w3.org/2001/XMLSchema-instance" xsi:noNamespaceSchemaLocation="https://maven.apache.org/surefire/maven-surefire-plugin/xsd/surefire-test-report.xsd" version="3.0.2" name="com.ebac.modulo40.controller.TelefonoControllerTest" time="4.131" tests="7" errors="0" skipped="0" failures="0" flakes="0">
  <properties>
[...]
</properties>
  <testcase name="eliminarTelefono" classname="com.ebac.modulo40.controller.TelefonoControllerTest" time="3.811">
    <system-out><![CDATA[10:48:31,096 |-INFO in ch.qos.logback.classic.LoggerContext[default] - Found logback-core version 1.5.34
10:48:31,104 |-INFO in ch.qos.logback.classic.util.ContextInitializer@706eab5d - Here is a list of configurators discovered as a service, by rank: 
10:48:31,105 |-INFO in ch.qos.logback.classic.util.ContextInitializer@706eab5d -   org.springframework.boot.logging.logback.RootLogLevelConfigurator
10:48:31,105 |-INFO in ch.qos.logback.classic.util.ContextInitializer@706eab5d - They will be invoked in order until ExecutionStatus.DO_NOT_INVOKE_NEXT_IF_ANY is returned.
10:48:31,105 |-INFO in ch.qos.logback.classic.util.ContextInitializer@706eab5d - Constructed configurator of type class org.springframework.boot.logging.logback.RootLogLevelConfigurator
10:48:31,119 |-INFO in ch.qos.logback.classic.util.ContextInitializer@706eab5d - org.springframework.boot.logging.logback.RootLogLevelConfigurator.configure() call lasted 1 milliseconds. ExecutionStatus=INVOKE_NEXT_IF_ANY
10:48:31,119 |-INFO in ch.qos.logback.classic.util.ContextInitializer@706eab5d - Trying to configure with ch.qos.logback.classic.util.DefaultJoranConfigurator
10:48:31,121 |-INFO in ch.qos.logback.classic.util.ContextInitializer@706eab5d - Constructed configurator of type class ch.qos.logback.classic.util.DefaultJoranConfigurator
10:48:31,123 |-INFO in ch.qos.logback.classic.LoggerContext[default] - Could NOT find resource [logback-test.xml]
10:48:31,131 |-INFO in ch.qos.logback.classic.LoggerContext[default] - Found resource [logback.xml] at [file:/C:/Users/Administrador/Pictures/IdeaProjects/Spring%20Boot/target/classes/logback.xml]
10:48:31,477 |-INFO in ch.qos.logback.classic.model.processor.ConfigurationModelHandlerFull - Scan attribute not set or set to unrecognized value.
10:48:31,511 |-INFO in ch.qos.logback.core.model.processor.AppenderModelHandler - Processing appender named [CONSOLE]
10:48:31,511 |-INFO in ch.qos.logback.core.model.processor.AppenderModelHandler - About to instantiate appender of type [ch.qos.logback.core.ConsoleAppender]
10:48:31,534 |-INFO in ch.qos.logback.core.model.processor.ImplicitModelHandler - Assuming default type [ch.qos.logback.classic.encoder.PatternLayoutEncoder] for [encoder] property
10:48:31,655 |-INFO in ch.qos.logback.classic.pattern.DateConverter@72725ee1 - Setting zoneId to "America/Mexico_City"
10:48:31,670 |-INFO in ch.qos.logback.core.ConsoleAppender[CONSOLE] - NOTE: Writing to the console can be slow. Try to avoid logging to the 
10:48:31,670 |-INFO in ch.qos.logback.core.ConsoleAppender[CONSOLE] - console in production environments, especially in high volume systems.
10:48:31,670 |-INFO in ch.qos.logback.core.ConsoleAppender[CONSOLE] - See also https://logback.qos.ch/codes.html#slowConsole
10:48:31,673 |-INFO in ch.qos.logback.core.model.processor.AppenderModelHandler - Processing appender named [FILE-ROLLING]
10:48:31,673 |-INFO in ch.qos.logback.core.model.processor.AppenderModelHandler - About to instantiate appender of type [ch.qos.logback.core.rolling.RollingFileAppender]
10:48:31,707 |-INFO in c.q.l.core.rolling.TimeBasedRollingPolicy@1088818894 - setting totalSizeCap to 10 MB
10:48:31,708 |-INFO in c.q.l.core.rolling.TimeBasedRollingPolicy@1088818894 - No compression will be used
10:48:31,719 |-INFO in c.q.l.core.rolling.TimeBasedRollingPolicy@1088818894 - Will use the pattern logs/archived/app.%d{dd-MM-yyyy}.%i.log for the active file
10:48:31,719 |-WARN in ch.qos.logback.core.rolling.SizeAndTimeBasedFNATP@3f9270ed - SizeAndTimeBasedFNATP class was renamed as SizeAndTimeBasedFileNamingAndTriggeringPolicy.
10:48:31,820 |-INFO in ch.qos.logback.core.rolling.SizeAndTimeBasedFNATP@3f9270ed - The date pattern is 'dd-MM-yyyy' from file name pattern 'logs/archived/app.%d{dd-MM-yyyy}.%i.log'.
10:48:31,820 |-INFO in ch.qos.logback.core.rolling.SizeAndTimeBasedFNATP@3f9270ed - Roll-over at midnight.
10:48:31,823 |-INFO in ch.qos.logback.core.rolling.SizeAndTimeBasedFNATP@3f9270ed - Setting initial period to 2026-08-15T16:47:56.094Z
10:48:31,823 |-WARN in ch.qos.logback.core.rolling.SizeAndTimeBasedFNATP@3f9270ed - Direct use of either SizeAndTimeBasedFNATP or SizeAndTimeBasedFileNamingAndTriggeringPolicy 
10:48:31,823 |-WARN in ch.qos.logback.core.rolling.SizeAndTimeBasedFNATP@3f9270ed - is deprecated. Please use SizeAndTimeBasedRollingPolicy instead.
10:48:31,823 |-WARN in ch.qos.logback.core.rolling.SizeAndTimeBasedFNATP@3f9270ed - For more information see https://logback.qos.ch/manual/appenders.html#SizeAndTimeBasedRollingPolicy
10:48:31,833 |-INFO in ch.qos.logback.core.model.processor.ImplicitModelHandler - Assuming default type [ch.qos.logback.classic.encoder.PatternLayoutEncoder] for [encoder] property
10:48:31,835 |-INFO in ch.qos.logback.classic.pattern.DateConverter@3a230001 - Setting zoneId to "America/Mexico_City"
10:48:31,843 |-INFO in ch.qos.logback.core.rolling.RollingFileAppender[FILE-ROLLING] - Active log file name: logs/ebacSpringBootApp.log
10:48:31,851 |-INFO in ch.qos.logback.core.rolling.RollingFileAppender[FILE-ROLLING] - Setting currentFileLength to 11198 for logs\ebacSpringBootApp.log
10:48:31,852 |-INFO in ch.qos.logback.core.rolling.RollingFileAppender[FILE-ROLLING] - File property is set to [logs/ebacSpringBootApp.log]
10:48:31,859 |-INFO in ch.qos.logback.classic.model.processor.LoggerModelHandler - Setting level of logger [com.ebac.modulo40] to INFO
10:48:31,865 |-INFO in ch.qos.logback.classic.model.processor.LoggerModelHandler - Setting additivity of logger [com.ebac.modulo40] to false
10:48:31,866 |-INFO in ch.qos.logback.core.model.processor.AppenderRefModelHandler - Attaching appender named [FILE-ROLLING] to Logger[com.ebac.modulo40]
10:48:31,870 |-INFO in ch.qos.logback.core.model.processor.AppenderRefModelHandler - Attaching appender named [CONSOLE] to Logger[com.ebac.modulo40]
10:48:31,870 |-INFO in ch.qos.logback.classic.model.processor.RootLoggerModelHandler - Setting level of ROOT logger to ERROR
10:48:31,870 |-INFO in ch.qos.logback.core.model.processor.AppenderRefModelHandler - Attaching appender named [FILE-ROLLING] to Logger[ROOT]
10:48:31,871 |-INFO in ch.qos.logback.core.model.processor.AppenderRefModelHandler - Attaching appender named [CONSOLE] to Logger[ROOT]
10:48:31,871 |-INFO in ch.qos.logback.core.model.processor.DefaultProcessor@5ac6c4f2 - End of configuration.
10:48:31,873 |-INFO in ch.qos.logback.classic.joran.JoranConfigurator@2aa6311a - Registering current configuration as safe fallback point
10:48:31,874 |-INFO in ch.qos.logback.classic.util.ContextInitializer@706eab5d - ch.qos.logback.classic.util.DefaultJoranConfigurator.configure() call lasted 752 milliseconds. ExecutionStatus=DO_NOT_INVOKE_NEXT_IF_ANY

15-08-2026 10:48:32,775-06:00 [main] INFO  c.e.m.controller.TelefonoController - Proceso de eliminación ejecutado
]]></system-out>
  </testcase>
  <testcase name="actualizarTelefono" classname="com.ebac.modulo40.controller.TelefonoControllerTest" time="0.041">
    <system-out><![CDATA[15-08-2026 10:48:32,979-06:00 [main] INFO  c.e.m.controller.TelefonoController - El teléfono 5 fue actualizado
]]></system-out>
  </testcase>
  <testcase name="obtenerTelefonoPorIdCuandoNoExiste" classname="com.ebac.modulo40.controller.TelefonoControllerTest" time="0.028">
    <system-out><![CDATA[Id recibido: 1
15-08-2026 10:48:33,020-06:00 [main] INFO  c.e.m.controller.TelefonoController - El telefono con id: 1 fue encontrado
]]></system-out>
  </testcase>
  <testcase name="crearTelefono" classname="com.ebac.modulo40.controller.TelefonoControllerTest" time="0.057">
    <system-out><![CDATA[15-08-2026 10:48:33,054-06:00 [main] INFO  c.e.m.controller.TelefonoController - Telefono recibido: Telefono(idTelefono=1, tipoTelefono=Casa 1, lada=55, numero=55)
15-08-2026 10:48:33,084-06:00 [main] INFO  c.e.m.controller.TelefonoController - El teléfono fue creado
]]></system-out>
  </testcase>
  <testcase name="obtenerTelefonosCuandoNoExisten" classname="com.ebac.modulo40.controller.TelefonoControllerTest" time="0.027">
    <system-out><![CDATA[15-08-2026 10:48:33,112-06:00 [main] INFO  c.e.m.controller.TelefonoController - Se ejecutó el proceso de regresar todos los teléfonos
]]></system-out>
  </testcase>
  <testcase name="obtenerTelefonoPorId" classname="com.ebac.modulo40.controller.TelefonoControllerTest" time="0.02">
    <system-out><![CDATA[Id recibido: 1
15-08-2026 10:48:33,139-06:00 [main] ERROR c.e.m.controller.TelefonoController - El telefono con id: 1 no fue encontrado
]]></system-out>
  </testcase>
  <testcase name="obtenerTelefonos" classname="com.ebac.modulo40.controller.TelefonoControllerTest" time="0.017">
    <system-out><![CDATA[Test telefonos
15-08-2026 10:48:33,165-06:00 [main] INFO  c.e.m.controller.TelefonoController - Se ejecutó el proceso de regresar todos los teléfonos
]]></system-out>
  </testcase>
</testsuite>